2025-06-29 03:19:12,703 - INFO - Iniciando consulta para el país: mexico
2025-06-29 03:19:12,703 - INFO - Realizando solicitud HTTP...
2025-06-29 03:19:14,462 - INFO - Parseando el HTML...
2025-06-29 03:19:14,493 - INFO - Buscando el panel react-tabs-1...
2025-06-29 03:19:14,495 - INFO - Se encontraron 0 secciones en el panel
2025-06-29 03:19:14,495 - INFO - Extrayendo todo el contenido del panel
2025-06-29 03:19:27,140 - INFO - Iniciando consulta para el país: canada
2025-06-29 03:19:27,140 - INFO - Realizando solicitud HTTP...
2025-06-29 03:19:28,728 - INFO - Parseando el HTML...
2025-06-29 03:19:28,758 - INFO - Buscando el panel react-tabs-1...
2025-06-29 03:19:28,760 - INFO - Se encontraron 0 secciones en el panel
2025-06-29 03:19:28,760 - INFO - Extrayendo todo el contenido del panel
2025-06-29 03:20:24,953 - INFO - Iniciando consulta para el país: mexico
2025-06-29 03:20:24,954 - INFO - Realizando solicitud HTTP...
2025-06-29 03:20:28,789 - INFO - Parseando el HTML...
2025-06-29 03:20:28,820 - INFO - Buscando el panel react-tabs-1...
2025-06-29 03:20:28,822 - INFO - Se encontraron 0 secciones en el panel
2025-06-29 03:20:28,822 - INFO - Extrayendo todo el contenido del panel
2025-06-29 11:53:37,649 - INFO - Iniciando consulta para el país: mexico
2025-06-29 11:53:37,649 - INFO - Realizando solicitud HTTP...
2025-06-29 11:53:59,249 - INFO - Parseando el HTML...
2025-06-29 11:53:59,279 - INFO - Buscando el panel react-tabs-1...
2025-06-29 11:53:59,280 - INFO - Se encontraron 0 secciones en el panel
2025-06-29 11:53:59,280 - INFO - Extrayendo todo el contenido del panel
2025-06-29 11:56:26,495 - INFO - Iniciando consulta para el país: mexico
2025-06-29 11:56:26,495 - INFO - Realizando solicitud HTTP...
2025-06-29 11:56:32,079 - INFO - Parseando el HTML...
2025-06-29 11:56:32,111 - INFO - Buscando el panel react-tabs-1...
2025-06-29 11:56:32,112 - INFO - Se encontraron 0 secciones en el panel
2025-06-29 11:56:32,112 - INFO - Extrayendo todo el contenido del panel
2025-06-29 11:59:28,492 - INFO - Iniciando consulta para el país: mexico
2025-06-29 11:59:28,492 - INFO - Realizando solicitud HTTP...
2025-06-29 11:59:29,824 - INFO - Parseando el HTML...
2025-06-29 11:59:29,857 - INFO - Buscando el panel react-tabs-1...
2025-06-29 11:59:29,858 - INFO - Se encontraron 0 secciones en el panel
2025-06-29 11:59:29,858 - INFO - Extrayendo todo el contenido del panel
2025-06-29 15:51:58,167 - INFO - Iniciando consulta para el país: mexico
2025-06-29 15:51:58,167 - INFO - Realizando solicitud HTTP...
2025-06-29 15:52:00,265 - INFO - Parseando el HTML...
2025-06-29 15:52:00,294 - INFO - Buscando el panel react-tabs-1...
2025-06-29 15:52:00,296 - INFO - Se encontraron 0 secciones en el panel
2025-06-29 15:52:00,296 - INFO - Extrayendo todo el contenido del panel
2025-06-29 15:52:18,140 - INFO - Iniciando consulta para el país: canada
2025-06-29 15:52:18,140 - INFO - Realizando solicitud HTTP...
2025-06-29 15:52:19,957 - INFO - Parseando el HTML...
2025-06-29 15:52:19,988 - INFO - Buscando el panel react-tabs-1...
2025-06-29 15:52:19,989 - INFO - Se encontraron 0 secciones en el panel
2025-06-29 15:52:19,989 - INFO - Extrayendo todo el contenido del panel
2025-06-29 15:52:49,478 - INFO - Iniciando consulta para el país: mexico
2025-06-29 15:52:49,478 - INFO - Realizando solicitud HTTP...
2025-06-29 15:52:51,143 - INFO - Parseando el HTML...
2025-06-29 15:52:51,175 - INFO - Buscando el panel react-tabs-1...
2025-06-29 15:52:51,177 - INFO - Se encontraron 0 secciones en el panel
2025-06-29 15:52:51,177 - INFO - Extrayendo todo el contenido del panel
2025-06-29 15:53:36,736 - INFO - Iniciando consulta para el país: canada
2025-06-29 15:53:36,736 - INFO - Realizando solicitud HTTP...
2025-06-29 15:53:37,636 - INFO - Parseando el HTML...
2025-06-29 15:53:37,666 - INFO - Buscando el panel react-tabs-1...
2025-06-29 15:53:37,667 - INFO - Se encontraron 0 secciones en el panel
2025-06-29 15:53:37,667 - INFO - Extrayendo todo el contenido del panel
2025-06-29 15:58:26,696 - INFO - Iniciando consulta para el país: argentina
2025-06-29 15:58:26,696 - INFO - Realizando solicitud HTTP...
2025-06-29 15:58:29,299 - INFO - Parseando el HTML...
2025-06-29 15:58:29,328 - INFO - Buscando el panel react-tabs-1...
2025-06-29 15:58:29,330 - INFO - Se encontraron 0 secciones en el panel
2025-06-29 15:58:29,330 - INFO - Extrayendo todo el contenido del panel
2025-06-29 16:00:23,295 - INFO - Iniciando consulta para el país: mexico
2025-06-29 16:00:23,295 - INFO - Realizando solicitud HTTP...
2025-06-29 16:00:30,235 - INFO - Parseando el HTML...
2025-06-29 16:00:30,265 - INFO - Buscando el panel react-tabs-1...
2025-06-29 16:00:30,267 - INFO - Se encontraron 0 secciones en el panel
2025-06-29 16:00:30,267 - INFO - Extrayendo todo el contenido del panel
2025-07-03 10:30:41,535 - INFO - Iniciando consulta para el país: mexico
2025-07-03 10:30:41,542 - INFO - Realizando solicitud HTTP...
2025-07-03 10:30:46,392 - INFO - Parseando el HTML...
2025-07-03 10:30:46,426 - INFO - Buscando el panel react-tabs-1...
2025-07-03 10:30:46,427 - INFO - Se encontraron 0 secciones en el panel
2025-07-03 10:30:46,427 - INFO - Extrayendo todo el contenido del panel
2025-07-03 10:31:00,659 - INFO - Iniciando consulta para el país: us
2025-07-03 10:31:00,659 - INFO - Realizando solicitud HTTP...
2025-07-03 10:31:03,189 - INFO - Parseando el HTML...
2025-07-03 10:31:03,215 - INFO - Buscando el panel react-tabs-1...
2025-07-03 10:31:03,217 - INFO - Se encontraron 0 secciones en el panel
2025-07-03 10:31:03,217 - INFO - Extrayendo todo el contenido del panel
2025-07-03 10:56:56,257 - INFO - Iniciando consulta para el país: fr
2025-07-03 10:56:56,257 - INFO - Realizando solicitud HTTP...
2025-07-03 10:56:58,941 - INFO - Parseando el HTML...
2025-07-03 10:56:58,967 - INFO - Buscando el panel react-tabs-1...
2025-07-03 10:56:58,968 - INFO - Se encontraron 0 secciones en el panel
2025-07-03 10:56:58,968 - INFO - Extrayendo todo el contenido del panel
2025-07-12 22:36:35,166 - INFO - Iniciando consulta para el país: us
2025-07-12 22:36:35,172 - INFO - Realizando solicitud HTTP...
2025-07-12 22:36:41,878 - INFO - Parseando el HTML...
2025-07-12 22:36:41,911 - INFO - Buscando el panel react-tabs-1...
2025-07-12 22:36:41,912 - INFO - Se encontraron 0 secciones en el panel
2025-07-12 22:36:41,912 - INFO - Extrayendo todo el contenido del panel
2025-07-12 22:41:01,624 - INFO - Iniciando consulta para el país: us
2025-07-12 22:41:01,624 - INFO - Realizando solicitud HTTP...
2025-07-12 22:41:05,450 - INFO - Parseando el HTML...
2025-07-12 22:41:05,476 - INFO - Buscando el panel react-tabs-1...
2025-07-12 22:41:05,478 - INFO - Se encontraron 0 secciones en el panel
2025-07-12 22:41:05,478 - INFO - Extrayendo todo el contenido del panel
2025-07-24 18:59:42,246 - INFO - Iniciando consulta para el país: mex
2025-07-24 18:59:42,252 - INFO - Realizando solicitud HTTP...
2025-07-24 18:59:46,223 - ERROR - Error en la solicitud HTTP: 404 Client Error: Not Found for url: https://data.worldbank.org/country/mex
2025-07-24 18:59:50,691 - INFO - Iniciando consulta para el país: mexico
2025-07-24 18:59:50,692 - INFO - Realizando solicitud HTTP...
2025-07-24 18:59:55,634 - INFO - Parseando el HTML...
2025-07-24 18:59:55,668 - INFO - Buscando el panel react-tabs-1...
2025-07-24 18:59:55,669 - INFO - Se encontraron 0 secciones en el panel
2025-07-24 18:59:55,670 - INFO - Extrayendo todo el contenido del panel
2025-07-24 19:01:27,107 - INFO - Iniciando consulta para el país: mexico
2025-07-24 19:01:27,107 - INFO - Realizando solicitud HTTP...
2025-07-24 19:01:27,793 - INFO - Parseando el HTML...
2025-07-24 19:01:27,825 - INFO - Buscando el panel react-tabs-1...
2025-07-24 19:01:27,826 - INFO - Se encontraron 0 secciones en el panel
2025-07-24 19:01:27,826 - INFO - Extrayendo todo el contenido del panel
2025-08-03 00:40:48,029 - INFO - Iniciando consulta para el país: mexico
2025-08-03 00:40:48,035 - INFO - Realizando solicitud HTTP...
2025-08-03 00:40:50,180 - INFO - Parseando el HTML...
2025-08-03 00:40:50,215 - INFO - Buscando el panel react-tabs-1...
2025-08-03 00:40:50,216 - INFO - Se encontraron 0 secciones en el panel
2025-08-03 00:40:50,216 - INFO - Extrayendo todo el contenido del panel
2025-08-03 00:41:53,623 - INFO - Iniciando consulta para el país: mexico
2025-08-03 00:41:53,623 - INFO - Realizando solicitud HTTP...
2025-08-03 00:41:56,128 - INFO - Parseando el HTML...
2025-08-03 00:41:56,157 - INFO - Buscando el panel react-tabs-1...
2025-08-03 00:41:56,159 - INFO - Se encontraron 0 secciones en el panel
2025-08-03 00:41:56,159 - INFO - Extrayendo todo el contenido del panel
2025-08-03 00:48:57,491 - INFO - Iniciando consulta para el país: mex
2025-08-03 00:48:57,491 - INFO - Realizando solicitud HTTP...
2025-08-03 00:49:01,502 - ERROR - Error en la solicitud HTTP: 404 Client Error: Not Found for url: https://data.worldbank.org/country/mex
2025-08-03 00:49:07,808 - INFO - Iniciando consulta para el país: mexico
2025-08-03 00:49:07,809 - INFO - Realizando solicitud HTTP...
2025-08-03 00:49:11,739 - INFO - Parseando el HTML...
2025-08-03 00:49:11,766 - INFO - Buscando el panel react-tabs-1...
2025-08-03 00:49:11,767 - INFO - Se encontraron 0 secciones en el panel
2025-08-03 00:49:11,767 - INFO - Extrayendo todo el contenido del panel
2025-09-01 14:54:06,568 - INFO - Iniciando consulta para el país: mexico
2025-09-01 14:54:06,574 - INFO - Realizando solicitud HTTP...
2025-09-01 14:54:14,370 - INFO - Parseando el HTML...
2025-09-01 14:54:14,404 - INFO - Buscando el panel react-tabs-1...
2025-09-01 14:54:14,405 - INFO - Se encontraron 0 secciones en el panel
2025-09-01 14:54:14,405 - INFO - Extrayendo todo el contenido del panel
2025-09-01 14:55:41,715 - INFO - Iniciando consulta para el país: us
2025-09-01 14:55:41,715 - INFO - Realizando solicitud HTTP...
2025-09-01 14:55:47,154 - INFO - Parseando el HTML...
2025-09-01 14:55:47,181 - INFO - Buscando el panel react-tabs-1...
2025-09-01 14:55:47,182 - INFO - Se encontraron 0 secciones en el panel
2025-09-01 14:55:47,183 - INFO - Extrayendo todo el contenido del panel
